# JRE version: OpenJDK Runtime Environment (8.0_242-b08) (build 1.8.0_242-8u242-b08-0ubuntu3~18.04-b08)
# Java VM: OpenJDK 64-Bit Server VM (25.242-b08 mixed mode linux-amd64 compressed oops)
Heap:
 PSYoungGen      total 95744K, used 45510K [0x00000000d9380000, 0x00000000e1400000, 0x0000000100000000)
  eden space 91648K, 45% used [0x00000000d9380000,0x00000000dbc3a8e0,0x00000000ded00000)
  from space 4096K, 92% used [0x00000000e1000000,0x00000000e13b70f0,0x00000000e1400000)
  to   space 4608K, 0% used [0x00000000e0b00000,0x00000000e0b00000,0x00000000e0f80000)
 ParOldGen       total 61440K, used 9411K [0x000000008ba00000, 0x000000008f600000, 0x00000000d9380000)
  object space 61440K, 15% used [0x000000008ba00000,0x000000008c330e10,0x000000008f600000)
 Metaspace       used 24717K, capacity 25596K, committed 25856K, reserved 1071104K
  class space    used 3118K, capacity 3322K, committed 3328K, reserved 1048576K
GC Heap History (10 events):
Event: 1.081 GC heap before
{Heap before GC invocations=1 (full 0):
 PSYoungGen      total 35328K, used 30720K [0x00000000d9380000, 0x00000000dba80000, 0x0000000100000000)
  eden space 30720K, 100% used [0x00000000d9380000,0x00000000db180000,0x00000000db180000)
  from space 4608K, 0% used [0x00000000db600000,0x00000000db600000,0x00000000dba80000)
  to   space 4608K, 0% used [0x00000000db180000,0x00000000db180000,0x00000000db600000)
 ParOldGen       total 80896K, used 0K [0x000000008ba00000, 0x0000000090900000, 0x00000000d9380000)
  object space 80896K, 0% used [0x000000008ba00000,0x000000008ba00000,0x0000000090900000)
 Metaspace       used 11276K, capacity 11488K, committed 11648K, reserved 1058816K
  class space    used 1307K, capacity 1380K, committed 1408K, reserved 1048576K
Event: 1.092 GC heap after
Heap after GC invocations=1 (full 0):
 PSYoungGen      total 35328K, used 4592K [0x00000000d9380000, 0x00000000dd880000, 0x0000000100000000)
  eden space 30720K, 0% used [0x00000000d9380000,0x00000000d9380000,0x00000000db180000)
  from space 4608K, 99% used [0x00000000db180000,0x00000000db5fc3a0,0x00000000db600000)
  to   space 4608K, 0% used [0x00000000dd400000,0x00000000dd400000,0x00000000dd880000)
 ParOldGen       total 80896K, used 8K [0x000000008ba00000, 0x0000000090900000, 0x00000000d9380000)
  object space 80896K, 0% used [0x000000008ba00000,0x000000008ba02000,0x0000000090900000)
 Metaspace       used 11276K, capacity 11488K, committed 11648K, reserved 1058816K
  class space    used 1307K, capacity 1380K, committed 1408K, reserved 1048576K
}
Event: 1.428 GC heap before
{Heap before GC invocations=2 (full 0):
 PSYoungGen      total 35328K, used 35312K [0x00000000d9380000, 0x00000000dd880000, 0x0000000100000000)
  eden space 30720K, 100% used [0x00000000d9380000,0x00000000db180000,0x00000000db180000)
  from space 4608K, 99% used [0x00000000db180000,0x00000000db5fc3a0,0x00000000db600000)
  to   space 4608K, 0% used [0x00000000dd400000,0x00000000dd400000,0x00000000dd880000)
 ParOldGen       total 80896K, used 8K [0x000000008ba00000, 0x0000000090900000, 0x00000000d9380000)
  object space 80896K, 0% used [0x000000008ba00000,0x000000008ba02000,0x0000000090900000)
 Metaspace       used 14620K, capacity 15058K, committed 15360K, reserved 1062912K
  class space    used 1797K, capacity 1923K, committed 2048K, reserved 1048576K
Event: 1.440 GC heap after
Heap after GC invocations=2 (full 0):
 PSYoungGen      total 66048K, used 4587K [0x00000000d9380000, 0x00000000dd880000, 0x0000000100000000)
  eden space 61440K, 0% used [0x00000000d9380000,0x00000000d9380000,0x00000000dcf80000)
  from space 4608K, 99% used [0x00000000dd400000,0x00000000dd87ac00,0x00000000dd880000)
  to   space 4608K, 0% used [0x00000000dcf80000,0x00000000dcf80000,0x00000000dd400000)
 ParOldGen       total 80896K, used 779K [0x000000008ba00000, 0x0000000090900000, 0x00000000d9380000)
  object space 80896K, 0% used [0x000000008ba00000,0x000000008bac2f08,0x0000000090900000)
 Metaspace       used 14620K, capacity 15058K, committed 15360K, reserved 1062912K
  class space    used 1797K, capacity 1923K, committed 2048K, reserved 1048576K
}
Event: 2.038 GC heap before
{Heap before GC invocations=3 (full 0):
 PSYoungGen      total 66048K, used 64196K [0x00000000d9380000, 0x00000000dd880000, 0x0000000100000000)
  eden space 61440K, 97% used [0x00000000d9380000,0x00000000dcdb67f0,0x00000000dcf80000)
  from space 4608K, 99% used [0x00000000dd400000,0x00000000dd87ac00,0x00000000dd880000)
  to   space 4608K, 0% used [0x00000000dcf80000,0x00000000dcf80000,0x00000000dd400000)
 ParOldGen       total 80896K, used 779K [0x000000008ba00000, 0x0000000090900000, 0x00000000d9380000)
  object space 80896K, 0% used [0x000000008ba00000,0x000000008bac2f08,0x0000000090900000)
 Metaspace       used 20585K, capacity 21158K, committed 21248K, reserved 1067008K
  class space    used 2583K, capacity 2761K, committed 2816K, reserved 1048576K
Event: 2.057 GC heap after
Heap after GC invocations=3 (full 0):
 PSYoungGen      total 66048K, used 4592K [0x00000000d9380000, 0x00000000e1480000, 0x0000000100000000)
  eden space 61440K, 0% used [0x00000000d9380000,0x00000000d9380000,0x00000000dcf80000)
  from space 4608K, 99% used [0x00000000dcf80000,0x00000000dd3fc010,0x00000000dd400000)
  to   space 4608K, 0% used [0x00000000e1000000,0x00000000e1000000,0x00000000e1480000)
 ParOldGen       total 80896K, used 5925K [0x000000008ba00000, 0x0000000090900000, 0x00000000d9380000)
  object space 80896K, 7% used [0x000000008ba00000,0x000000008bfc97d8,0x0000000090900000)
 Metaspace       used 20585K, capacity 21158K, committed 21248K, reserved 1067008K
  class space    used 2583K, capacity 2761K, committed 2816K, reserved 1048576K
}
Event: 2.057 GC heap before
{Heap before GC invocations=4 (full 1):
 PSYoungGen      total 66048K, used 4592K [0x00000000d9380000, 0x00000000e1480000, 0x0000000100000000)
  eden space 61440K, 0% used [0x00000000d9380000,0x00000000d9380000,0x00000000dcf80000)
  from space 4608K, 99% used [0x00000000dcf80000,0x00000000dd3fc010,0x00000000dd400000)
  to   space 4608K, 0% used [0x00000000e1000000,0x00000000e1000000,0x00000000e1480000)
 ParOldGen       total 80896K, used 5925K [0x000000008ba00000, 0x0000000090900000, 0x00000000d9380000)
  object space 80896K, 7% used [0x000000008ba00000,0x000000008bfc97d8,0x0000000090900000)
 Metaspace       used 20585K, capacity 21158K, committed 21248K, reserved 1067008K
  class space    used 2583K, capacity 2761K, committed 2816K, reserved 1048576K
Event: 2.109 GC heap after
Heap after GC invocations=4 (full 1):
 PSYoungGen      total 66048K, used 0K [0x00000000d9380000, 0x00000000e1480000, 0x0000000100000000)
  eden space 61440K, 0% used [0x00000000d9380000,0x00000000d9380000,0x00000000dcf80000)
  from space 4608K, 0% used [0x00000000dcf80000,0x00000000dcf80000,0x00000000dd400000)
  to   space 4608K, 0% used [0x00000000e1000000,0x00000000e1000000,0x00000000e1480000)
 ParOldGen       total 61440K, used 9403K [0x000000008ba00000, 0x000000008f600000, 0x00000000d9380000)
  object space 61440K, 15% used [0x000000008ba00000,0x000000008c32ee10,0x000000008f600000)
 Metaspace       used 20583K, capacity 21152K, committed 21248K, reserved 1067008K
  class space    used 2583K, capacity 2760K, committed 2816K, reserved 1048576K
}
Event: 2.516 GC heap before
{Heap before GC invocations=5 (full 1):
 PSYoungGen      total 66048K, used 61410K [0x00000000d9380000, 0x00000000e1480000, 0x0000000100000000)
  eden space 61440K, 99% used [0x00000000d9380000,0x00000000dcf78b38,0x00000000dcf80000)
  from space 4608K, 0% used [0x00000000dcf80000,0x00000000dcf80000,0x00000000dd400000)
  to   space 4608K, 0% used [0x00000000e1000000,0x00000000e1000000,0x00000000e1480000)
 ParOldGen       total 61440K, used 9403K [0x000000008ba00000, 0x000000008f600000, 0x00000000d9380000)
  object space 61440K, 15% used [0x000000008ba00000,0x000000008c32ee10,0x000000008f600000)
 Metaspace       used 22997K, capacity 23702K, committed 23936K, reserved 1071104K
  class space    used 2910K, capacity 3107K, committed 3200K, reserved 1048576K
Event: 2.524 GC heap after
Heap after GC invocations=5 (full 1):
 PSYoungGen      total 95744K, used 3804K [0x00000000d9380000, 0x00000000e1400000, 0x0000000100000000)
  eden space 91648K, 0% used [0x00000000d9380000,0x00000000d9380000,0x00000000ded00000)
  from space 4096K, 92% used [0x00000000e1000000,0x00000000e13b70f0,0x00000000e1400000)
  to   space 4608K, 0% used [0x00000000e0b00000,0x00000000e0b00000,0x00000000e0f80000)
 ParOldGen       total 61440K, used 9411K [0x000000008ba00000, 0x000000008f600000, 0x00000000d9380000)
  object space 61440K, 15% used [0x000000008ba00000,0x000000008c330e10,0x000000008f600000)
 Metaspace       used 22997K, capacity 23702K, committed 23936K, reserved 1071104K
  class space    used 2910K, capacity 3107K, committed 3200K, reserved 1048576K
}

