# JRE version: OpenJDK Runtime Environment (8.0_252-b09) (build 1.8.0_252-8u252-b09-1~18.04-b09)
# Java VM: OpenJDK 64-Bit Server VM (25.252-b09 mixed mode linux-amd64 compressed oops)
Heap:
 PSYoungGen      total 160256K, used 7743K [0x00000000d9380000, 0x00000000e4400000, 0x0000000100000000)
  eden space 148992K, 0% used [0x00000000d9380000,0x00000000d9380000,0x00000000e2500000)
  from space 11264K, 68% used [0x00000000e3000000,0x00000000e378ff18,0x00000000e3b00000)
  to   space 11264K, 0% used [0x00000000e2500000,0x00000000e2500000,0x00000000e3000000)
 ParOldGen       total 53760K, used 10005K [0x000000008ba00000, 0x000000008ee80000, 0x00000000d9380000)
  object space 53760K, 18% used [0x000000008ba00000,0x000000008c3c5588,0x000000008ee80000)
 Metaspace       used 33553K, capacity 35354K, committed 35416K, reserved 1081344K
  class space    used 4288K, capacity 4593K, committed 4608K, reserved 1048576K
GC Heap History (10 events):
Event: 3.335 GC heap after
Heap after GC invocations=5 (full 1):
 PSYoungGen      total 66048K, used 0K [0x00000000d9380000, 0x00000000dd880000, 0x0000000100000000)
  eden space 61440K, 0% used [0x00000000d9380000,0x00000000d9380000,0x00000000dcf80000)
  from space 4608K, 0% used [0x00000000dd400000,0x00000000dd400000,0x00000000dd880000)
  to   space 4608K, 0% used [0x00000000dcf80000,0x00000000dcf80000,0x00000000dd400000)
 ParOldGen       total 53760K, used 7241K [0x000000008ba00000, 0x000000008ee80000, 0x00000000d9380000)
  object space 53760K, 13% used [0x000000008ba00000,0x000000008c112420,0x000000008ee80000)
 Metaspace       used 20536K, capacity 21060K, committed 21248K, reserved 1067008K
  class space    used 2565K, capacity 2706K, committed 2816K, reserved 1048576K
}
Event: 3.985 GC heap before
{Heap before GC invocations=6 (full 1):
 PSYoungGen      total 66048K, used 61408K [0x00000000d9380000, 0x00000000dd880000, 0x0000000100000000)
  eden space 61440K, 99% used [0x00000000d9380000,0x00000000dcf780b8,0x00000000dcf80000)
  from space 4608K, 0% used [0x00000000dd400000,0x00000000dd400000,0x00000000dd880000)
  to   space 4608K, 0% used [0x00000000dcf80000,0x00000000dcf80000,0x00000000dd400000)
 ParOldGen       total 53760K, used 7241K [0x000000008ba00000, 0x000000008ee80000, 0x00000000d9380000)
  object space 53760K, 13% used [0x000000008ba00000,0x000000008c112420,0x000000008ee80000)
 Metaspace       used 23104K, capacity 23840K, committed 23936K, reserved 1071104K
  class space    used 2919K, capacity 3108K, committed 3200K, reserved 1048576K
Event: 3.995 GC heap after
Heap after GC invocations=6 (full 1):
 PSYoungGen      total 66048K, used 4199K [0x00000000d9380000, 0x00000000e0280000, 0x0000000100000000)
  eden space 61440K, 0% used [0x00000000d9380000,0x00000000d9380000,0x00000000dcf80000)
  from space 4608K, 91% used [0x00000000dcf80000,0x00000000dd399de0,0x00000000dd400000)
  to   space 8192K, 0% used [0x00000000dfa80000,0x00000000dfa80000,0x00000000e0280000)
 ParOldGen       total 53760K, used 7249K [0x000000008ba00000, 0x000000008ee80000, 0x00000000d9380000)
  object space 53760K, 13% used [0x000000008ba00000,0x000000008c114420,0x000000008ee80000)
 Metaspace       used 23104K, capacity 23840K, committed 23936K, reserved 1071104K
  class space    used 2919K, capacity 3108K, committed 3200K, reserved 1048576K
}
Event: 5.268 GC heap before
{Heap before GC invocations=7 (full 1):
 PSYoungGen      total 66048K, used 65639K [0x00000000d9380000, 0x00000000e0280000, 0x0000000100000000)
  eden space 61440K, 100% used [0x00000000d9380000,0x00000000dcf80000,0x00000000dcf80000)
  from space 4608K, 91% used [0x00000000dcf80000,0x00000000dd399de0,0x00000000dd400000)
  to   space 8192K, 0% used [0x00000000dfa80000,0x00000000dfa80000,0x00000000e0280000)
 ParOldGen       total 53760K, used 7249K [0x000000008ba00000, 0x000000008ee80000, 0x00000000d9380000)
  object space 53760K, 13% used [0x000000008ba00000,0x000000008c114420,0x000000008ee80000)
 Metaspace       used 26344K, capacity 27330K, committed 27392K, reserved 1073152K
  class space    used 3319K, capacity 3547K, committed 3584K, reserved 1048576K
Event: 5.285 GC heap after
Heap after GC invocations=7 (full 1):
 PSYoungGen      total 104448K, used 6854K [0x00000000d9380000, 0x00000000e0280000, 0x0000000100000000)
  eden space 96256K, 0% used [0x00000000d9380000,0x00000000d9380000,0x00000000df180000)
  from space 8192K, 83% used [0x00000000dfa80000,0x00000000e0131bb8,0x00000000e0280000)
  to   space 8704K, 0% used [0x00000000df180000,0x00000000df180000,0x00000000dfa00000)
 ParOldGen       total 53760K, used 7257K [0x000000008ba00000, 0x000000008ee80000, 0x00000000d9380000)
  object space 53760K, 13% used [0x000000008ba00000,0x000000008c116420,0x000000008ee80000)
 Metaspace       used 26344K, capacity 27330K, committed 27392K, reserved 1073152K
  class space    used 3319K, capacity 3547K, committed 3584K, reserved 1048576K
}
Event: 7.155 GC heap before
{Heap before GC invocations=8 (full 1):
 PSYoungGen      total 104448K, used 103086K [0x00000000d9380000, 0x00000000e0280000, 0x0000000100000000)
  eden space 96256K, 99% used [0x00000000d9380000,0x00000000df17a028,0x00000000df180000)
  from space 8192K, 83% used [0x00000000dfa80000,0x00000000e0131bb8,0x00000000e0280000)
  to   space 8704K, 0% used [0x00000000df180000,0x00000000df180000,0x00000000dfa00000)
 ParOldGen       total 53760K, used 7257K [0x000000008ba00000, 0x000000008ee80000, 0x00000000d9380000)
  object space 53760K, 13% used [0x000000008ba00000,0x000000008c116420,0x000000008ee80000)
 Metaspace       used 32678K, capacity 34392K, committed 34560K, reserved 1079296K
  class space    used 4170K, capacity 4504K, committed 4608K, reserved 1048576K
Event: 7.181 GC heap after
Heap after GC invocations=8 (full 1):
 PSYoungGen      total 104960K, used 8700K [0x00000000d9380000, 0x00000000e3b00000, 0x0000000100000000)
  eden space 96256K, 0% used [0x00000000d9380000,0x00000000d9380000,0x00000000df180000)
  from space 8704K, 99% used [0x00000000df180000,0x00000000df9ff2e0,0x00000000dfa00000)
  to   space 11264K, 0% used [0x00000000e3000000,0x00000000e3000000,0x00000000e3b00000)
 ParOldGen       total 53760K, used 9997K [0x000000008ba00000, 0x000000008ee80000, 0x00000000d9380000)
  object space 53760K, 18% used [0x000000008ba00000,0x000000008c3c3588,0x000000008ee80000)
 Metaspace       used 32678K, capacity 34392K, committed 34560K, reserved 1079296K
  class space    used 4170K, capacity 4504K, committed 4608K, reserved 1048576K
}
Event: 7.581 GC heap before
{Heap before GC invocations=9 (full 1):
 PSYoungGen      total 104960K, used 34723K [0x00000000d9380000, 0x00000000e3b00000, 0x0000000100000000)
  eden space 96256K, 27% used [0x00000000d9380000,0x00000000dace9c80,0x00000000df180000)
  from space 8704K, 99% used [0x00000000df180000,0x00000000df9ff2e0,0x00000000dfa00000)
  to   space 11264K, 0% used [0x00000000e3000000,0x00000000e3000000,0x00000000e3b00000)
 ParOldGen       total 53760K, used 9997K [0x000000008ba00000, 0x000000008ee80000, 0x00000000d9380000)
  object space 53760K, 18% used [0x000000008ba00000,0x000000008c3c3588,0x000000008ee80000)
 Metaspace       used 33553K, capacity 35354K, committed 35416K, reserved 1081344K
  class space    used 4288K, capacity 4593K, committed 4608K, reserved 1048576K
Event: 7.602 GC heap after
Heap after GC invocations=9 (full 1):
 PSYoungGen      total 160256K, used 7743K [0x00000000d9380000, 0x00000000e4400000, 0x0000000100000000)
  eden space 148992K, 0% used [0x00000000d9380000,0x00000000d9380000,0x00000000e2500000)
  from space 11264K, 68% used [0x00000000e3000000,0x00000000e378ff18,0x00000000e3b00000)
  to   space 11264K, 0% used [0x00000000e2500000,0x00000000e2500000,0x00000000e3000000)
 ParOldGen       total 53760K, used 10005K [0x000000008ba00000, 0x000000008ee80000, 0x00000000d9380000)
  object space 53760K, 18% used [0x000000008ba00000,0x000000008c3c5588,0x000000008ee80000)
 Metaspace       used 33553K, capacity 35354K, committed 35416K, reserved 1081344K
  class space    used 4288K, capacity 4593K, committed 4608K, reserved 1048576K
}
Event: 7.602 GC heap before
{Heap before GC invocations=10 (full 2):
 PSYoungGen      total 160256K, used 7743K [0x00000000d9380000, 0x00000000e4400000, 0x0000000100000000)
  eden space 148992K, 0% used [0x00000000d9380000,0x00000000d9380000,0x00000000e2500000)
  from space 11264K, 68% used [0x00000000e3000000,0x00000000e378ff18,0x00000000e3b00000)
  to   space 11264K, 0% used [0x00000000e2500000,0x00000000e2500000,0x00000000e3000000)
 ParOldGen       total 53760K, used 10005K [0x000000008ba00000, 0x000000008ee80000, 0x00000000d9380000)
  object space 53760K, 18% used [0x000000008ba00000,0x000000008c3c5588,0x000000008ee80000)
 Metaspace       used 33553K, capacity 35354K, committed 35416K, reserved 1081344K
  class space    used 4288K, capacity 4593K, committed 4608K, reserved 1048576K

