# JRE version: OpenJDK Runtime Environment (8.0_242-b08) (build 1.8.0_242-8u242-b08-0ubuntu3~18.04-b08)
# Java VM: OpenJDK 64-Bit Server VM (25.242-b08 mixed mode linux-amd64 compressed oops)
Heap:
 PSYoungGen      total 66048K, used 48635K [0x00000000d9380000, 0x00000000dd880000, 0x0000000100000000)
  eden space 61440K, 71% used [0x00000000d9380000,0x00000000dbe82960,0x00000000dcf80000)
  from space 4608K, 99% used [0x00000000dd400000,0x00000000dd87c608,0x00000000dd880000)
  to   space 4608K, 0% used [0x00000000dcf80000,0x00000000dcf80000,0x00000000dd400000)
 ParOldGen       total 80896K, used 929K [0x000000008ba00000, 0x0000000090900000, 0x00000000d9380000)
  object space 80896K, 1% used [0x000000008ba00000,0x000000008bae8588,0x0000000090900000)
 Metaspace       used 18695K, capacity 19254K, committed 19456K, reserved 1067008K
  class space    used 2363K, capacity 2517K, committed 2560K, reserved 1048576K
GC Heap History (4 events):
Event: 1.131 GC heap before
{Heap before GC invocations=1 (full 0):
 PSYoungGen      total 35328K, used 30720K [0x00000000d9380000, 0x00000000dba80000, 0x0000000100000000)
  eden space 30720K, 100% used [0x00000000d9380000,0x00000000db180000,0x00000000db180000)
  from space 4608K, 0% used [0x00000000db600000,0x00000000db600000,0x00000000dba80000)
  to   space 4608K, 0% used [0x00000000db180000,0x00000000db180000,0x00000000db600000)
 ParOldGen       total 80896K, used 0K [0x000000008ba00000, 0x0000000090900000, 0x00000000d9380000)
  object space 80896K, 0% used [0x000000008ba00000,0x000000008ba00000,0x0000000090900000)
 Metaspace       used 11742K, capacity 12034K, committed 12288K, reserved 1060864K
  class space    used 1361K, capacity 1455K, committed 1536K, reserved 1048576K
Event: 1.147 GC heap after
Heap after GC invocations=1 (full 0):
 PSYoungGen      total 35328K, used 4603K [0x00000000d9380000, 0x00000000dd880000, 0x0000000100000000)
  eden space 30720K, 0% used [0x00000000d9380000,0x00000000d9380000,0x00000000db180000)
  from space 4608K, 99% used [0x00000000db180000,0x00000000db5feca0,0x00000000db600000)
  to   space 4608K, 0% used [0x00000000dd400000,0x00000000dd400000,0x00000000dd880000)
 ParOldGen       total 80896K, used 103K [0x000000008ba00000, 0x0000000090900000, 0x00000000d9380000)
  object space 80896K, 0% used [0x000000008ba00000,0x000000008ba19d88,0x0000000090900000)
 Metaspace       used 11742K, capacity 12034K, committed 12288K, reserved 1060864K
  class space    used 1361K, capacity 1455K, committed 1536K, reserved 1048576K
}
Event: 1.455 GC heap before
{Heap before GC invocations=2 (full 0):
 PSYoungGen      total 35328K, used 35323K [0x00000000d9380000, 0x00000000dd880000, 0x0000000100000000)
  eden space 30720K, 100% used [0x00000000d9380000,0x00000000db180000,0x00000000db180000)
  from space 4608K, 99% used [0x00000000db180000,0x00000000db5feca0,0x00000000db600000)
  to   space 4608K, 0% used [0x00000000dd400000,0x00000000dd400000,0x00000000dd880000)
 ParOldGen       total 80896K, used 103K [0x000000008ba00000, 0x0000000090900000, 0x00000000d9380000)
  object space 80896K, 0% used [0x000000008ba00000,0x000000008ba19d88,0x0000000090900000)
 Metaspace       used 14620K, capacity 15090K, committed 15360K, reserved 1062912K
  class space    used 1813K, capacity 1955K, committed 2048K, reserved 1048576K
Event: 1.467 GC heap after
Heap after GC invocations=2 (full 0):
 PSYoungGen      total 66048K, used 4593K [0x00000000d9380000, 0x00000000dd880000, 0x0000000100000000)
  eden space 61440K, 0% used [0x00000000d9380000,0x00000000d9380000,0x00000000dcf80000)
  from space 4608K, 99% used [0x00000000dd400000,0x00000000dd87c608,0x00000000dd880000)
  to   space 4608K, 0% used [0x00000000dcf80000,0x00000000dcf80000,0x00000000dd400000)
 ParOldGen       total 80896K, used 929K [0x000000008ba00000, 0x0000000090900000, 0x00000000d9380000)
  object space 80896K, 1% used [0x000000008ba00000,0x000000008bae8588,0x0000000090900000)
 Metaspace       used 14620K, capacity 15090K, committed 15360K, reserved 1062912K
  class space    used 1813K, capacity 1955K, committed 2048K, reserved 1048576K
}

