# JRE version: OpenJDK Runtime Environment (8.0_242-b08) (build 1.8.0_242-8u242-b08-0ubuntu3~18.04-b08)
# Java VM: OpenJDK 64-Bit Server VM (25.242-b08 mixed mode linux-amd64 compressed oops)
Heap:
 garbage-first heap   total 563200K, used 274784K [0x00000000c0000000, 0x00000000c0101130, 0x0000000100000000)
  region size 1024K, 150 young (153600K), 20 survivors (20480K)
 Metaspace       used 71358K, capacity 75408K, committed 75468K, reserved 1116160K
  class space    used 6701K, capacity 7864K, committed 7884K, reserved 1048576K
GC Heap History (10 events):
Event: 4354.499 GC heap before
{Heap before GC invocations=335 (full 0):
 garbage-first heap   total 441344K, used 335846K [0x00000000c0000000, 0x00000000c0100d78, 0x0000000100000000)
  region size 1024K, 236 young (241664K), 11 survivors (11264K)
 Metaspace       used 67909K, capacity 71458K, committed 71756K, reserved 1114112K
  class space    used 6376K, capacity 7450K, committed 7500K, reserved 1048576K
Event: 4354.533 GC heap after
Heap after GC invocations=336 (full 0):
 garbage-first heap   total 563200K, used 106848K [0x00000000c0000000, 0x00000000c0101130, 0x0000000100000000)
  region size 1024K, 12 young (12288K), 12 survivors (12288K)
 Metaspace       used 67909K, capacity 71458K, committed 71756K, reserved 1114112K
  class space    used 6376K, capacity 7450K, committed 7500K, reserved 1048576K
}
Event: 4372.081 GC heap before
{Heap before GC invocations=336 (full 0):
 garbage-first heap   total 563200K, used 448242K [0x00000000c0000000, 0x00000000c0101130, 0x0000000100000000)
  region size 1024K, 330 young (337920K), 12 survivors (12288K)
 Metaspace       used 68008K, capacity 71656K, committed 71756K, reserved 1114112K
  class space    used 6376K, capacity 7451K, committed 7500K, reserved 1048576K
Event: 4372.131 GC heap after
Heap after GC invocations=337 (full 0):
 garbage-first heap   total 563200K, used 109408K [0x00000000c0000000, 0x00000000c0101130, 0x0000000100000000)
  region size 1024K, 15 young (15360K), 15 survivors (15360K)
 Metaspace       used 68008K, capacity 71656K, committed 71756K, reserved 1114112K
  class space    used 6376K, capacity 7451K, committed 7500K, reserved 1048576K
}
Event: 5631.753 GC heap before
{Heap before GC invocations=337 (full 0):
 garbage-first heap   total 563200K, used 435791K [0x00000000c0000000, 0x00000000c0101130, 0x0000000100000000)
  region size 1024K, 330 young (337920K), 15 survivors (15360K)
 Metaspace       used 70689K, capacity 74668K, committed 74828K, reserved 1116160K
  class space    used 6656K, capacity 7751K, committed 7756K, reserved 1048576K
Event: 5631.868 GC heap after
Heap after GC invocations=338 (full 0):
 garbage-first heap   total 563200K, used 133472K [0x00000000c0000000, 0x00000000c0101130, 0x0000000100000000)
  region size 1024K, 38 young (38912K), 38 survivors (38912K)
 Metaspace       used 70689K, capacity 74668K, committed 74828K, reserved 1116160K
  class space    used 6656K, capacity 7751K, committed 7756K, reserved 1048576K
}
Event: 6010.726 GC heap before
{Heap before GC invocations=338 (full 0):
 garbage-first heap   total 563200K, used 432480K [0x00000000c0000000, 0x00000000c0101130, 0x0000000100000000)
  region size 1024K, 330 young (337920K), 38 survivors (38912K)
 Metaspace       used 71203K, capacity 75234K, committed 75468K, reserved 1116160K
  class space    used 6699K, capacity 7831K, committed 7884K, reserved 1048576K
Event: 6010.805 GC heap after
Heap after GC invocations=339 (full 0):
 garbage-first heap   total 563200K, used 136134K [0x00000000c0000000, 0x00000000c0101130, 0x0000000100000000)
  region size 1024K, 35 young (35840K), 35 survivors (35840K)
 Metaspace       used 71203K, capacity 75234K, committed 75468K, reserved 1116160K
  class space    used 6699K, capacity 7831K, committed 7884K, reserved 1048576K
}
Event: 9909.371 GC heap before
{Heap before GC invocations=339 (full 0):
 garbage-first heap   total 563200K, used 438214K [0x00000000c0000000, 0x00000000c0101130, 0x0000000100000000)
  region size 1024K, 330 young (337920K), 35 survivors (35840K)
 Metaspace       used 71333K, capacity 75408K, committed 75468K, reserved 1116160K
  class space    used 6700K, capacity 7864K, committed 7884K, reserved 1048576K
Event: 9909.436 GC heap after
Heap after GC invocations=340 (full 0):
 garbage-first heap   total 563200K, used 142688K [0x00000000c0000000, 0x00000000c0101130, 0x0000000100000000)
  region size 1024K, 20 young (20480K), 20 survivors (20480K)
 Metaspace       used 71333K, capacity 75408K, committed 75468K, reserved 1116160K
  class space    used 6700K, capacity 7864K, committed 7884K, reserved 1048576K
}

