# JRE version: OpenJDK Runtime Environment (8.0_242-b08) (build 1.8.0_242-8u242-b08-0ubuntu3~18.04-b08)
# Java VM: OpenJDK 64-Bit Server VM (25.242-b08 mixed mode linux-amd64 compressed oops)
Heap:
 PSYoungGen      total 229376K, used 7902K [0x00000000d9380000, 0x00000000f3180000, 0x0000000100000000)
  eden space 215552K, 0% used [0x00000000d9380000,0x00000000d9380000,0x00000000e6600000)
  from space 13824K, 57% used [0x00000000e6600000,0x00000000e6db7958,0x00000000e7380000)
  to   space 13312K, 0% used [0x00000000f2480000,0x00000000f2480000,0x00000000f3180000)
 ParOldGen       total 46592K, used 11003K [0x000000008ba00000, 0x000000008e780000, 0x00000000d9380000)
  object space 46592K, 23% used [0x000000008ba00000,0x000000008c4bed40,0x000000008e780000)
 Metaspace       used 34306K, capacity 36000K, committed 36048K, reserved 1081344K
  class space    used 4376K, capacity 4690K, committed 4736K, reserved 1048576K
GC Heap History (10 events):
Event: 2.175 GC heap after
Heap after GC invocations=4 (full 0):
 PSYoungGen      total 127488K, used 4578K [0x00000000d9380000, 0x00000000e1480000, 0x0000000100000000)
  eden space 122880K, 0% used [0x00000000d9380000,0x00000000d9380000,0x00000000e0b80000)
  from space 4608K, 99% used [0x00000000e1000000,0x00000000e1478a98,0x00000000e1480000)
  to   space 4608K, 0% used [0x00000000e0b80000,0x00000000e0b80000,0x00000000e1000000)
 ParOldGen       total 80896K, used 6492K [0x000000008ba00000, 0x0000000090900000, 0x00000000d9380000)
  object space 80896K, 8% used [0x000000008ba00000,0x000000008c057160,0x0000000090900000)
 Metaspace       used 20943K, capacity 21518K, committed 21628K, reserved 1069056K
  class space    used 2629K, capacity 2799K, committed 2816K, reserved 1048576K
}
Event: 2.175 GC heap before
{Heap before GC invocations=5 (full 1):
 PSYoungGen      total 127488K, used 4578K [0x00000000d9380000, 0x00000000e1480000, 0x0000000100000000)
  eden space 122880K, 0% used [0x00000000d9380000,0x00000000d9380000,0x00000000e0b80000)
  from space 4608K, 99% used [0x00000000e1000000,0x00000000e1478a98,0x00000000e1480000)
  to   space 4608K, 0% used [0x00000000e0b80000,0x00000000e0b80000,0x00000000e1000000)
 ParOldGen       total 80896K, used 6492K [0x000000008ba00000, 0x0000000090900000, 0x00000000d9380000)
  object space 80896K, 8% used [0x000000008ba00000,0x000000008c057160,0x0000000090900000)
 Metaspace       used 20943K, capacity 21518K, committed 21628K, reserved 1069056K
  class space    used 2629K, capacity 2799K, committed 2816K, reserved 1048576K
Event: 2.221 GC heap after
Heap after GC invocations=5 (full 1):
 PSYoungGen      total 127488K, used 0K [0x00000000d9380000, 0x00000000e1480000, 0x0000000100000000)
  eden space 122880K, 0% used [0x00000000d9380000,0x00000000d9380000,0x00000000e0b80000)
  from space 4608K, 0% used [0x00000000e1000000,0x00000000e1000000,0x00000000e1480000)
  to   space 4608K, 0% used [0x00000000e0b80000,0x00000000e0b80000,0x00000000e1000000)
 ParOldGen       total 46592K, used 4903K [0x000000008ba00000, 0x000000008e780000, 0x00000000d9380000)
  object space 46592K, 10% used [0x000000008ba00000,0x000000008bec9ed0,0x000000008e780000)
 Metaspace       used 20943K, capacity 21518K, committed 21628K, reserved 1069056K
  class space    used 2629K, capacity 2799K, committed 2816K, reserved 1048576K
}
Event: 3.872 GC heap before
{Heap before GC invocations=6 (full 1):
 PSYoungGen      total 127488K, used 122880K [0x00000000d9380000, 0x00000000e1480000, 0x0000000100000000)
  eden space 122880K, 100% used [0x00000000d9380000,0x00000000e0b80000,0x00000000e0b80000)
  from space 4608K, 0% used [0x00000000e1000000,0x00000000e1000000,0x00000000e1480000)
  to   space 4608K, 0% used [0x00000000e0b80000,0x00000000e0b80000,0x00000000e1000000)
 ParOldGen       total 46592K, used 4903K [0x000000008ba00000, 0x000000008e780000, 0x00000000d9380000)
  object space 46592K, 10% used [0x000000008ba00000,0x000000008bec9ed0,0x000000008e780000)
 Metaspace       used 26639K, capacity 27718K, committed 28032K, reserved 1073152K
  class space    used 3388K, capacity 3627K, committed 3712K, reserved 1048576K
Event: 3.888 GC heap after
Heap after GC invocations=6 (full 1):
 PSYoungGen      total 127488K, used 4600K [0x00000000d9380000, 0x00000000e8080000, 0x0000000100000000)
  eden space 122880K, 0% used [0x00000000d9380000,0x00000000d9380000,0x00000000e0b80000)
  from space 4608K, 99% used [0x00000000e0b80000,0x00000000e0ffe2c8,0x00000000e1000000)
  to   space 11264K, 0% used [0x00000000e7580000,0x00000000e7580000,0x00000000e8080000)
 ParOldGen       total 46592K, used 9633K [0x000000008ba00000, 0x000000008e780000, 0x00000000d9380000)
  object space 46592K, 20% used [0x000000008ba00000,0x000000008c3684a0,0x000000008e780000)
 Metaspace       used 26639K, capacity 27718K, committed 28032K, reserved 1073152K
  class space    used 3388K, capacity 3627K, committed 3712K, reserved 1048576K
}
Event: 5.895 GC heap before
{Heap before GC invocations=7 (full 1):
 PSYoungGen      total 127488K, used 127480K [0x00000000d9380000, 0x00000000e8080000, 0x0000000100000000)
  eden space 122880K, 100% used [0x00000000d9380000,0x00000000e0b80000,0x00000000e0b80000)
  from space 4608K, 99% used [0x00000000e0b80000,0x00000000e0ffe2c8,0x00000000e1000000)
  to   space 11264K, 0% used [0x00000000e7580000,0x00000000e7580000,0x00000000e8080000)
 ParOldGen       total 46592K, used 9633K [0x000000008ba00000, 0x000000008e780000, 0x00000000d9380000)
  object space 46592K, 20% used [0x000000008ba00000,0x000000008c3684a0,0x000000008e780000)
 Metaspace       used 34006K, capacity 35746K, committed 35968K, reserved 1081344K
  class space    used 4337K, capacity 4653K, committed 4736K, reserved 1048576K
Event: 5.931 GC heap after
Heap after GC invocations=7 (full 1):
 PSYoungGen      total 226816K, used 11255K [0x00000000d9380000, 0x00000000e8100000, 0x0000000100000000)
  eden space 215552K, 0% used [0x00000000d9380000,0x00000000d9380000,0x00000000e6600000)
  from space 11264K, 99% used [0x00000000e7580000,0x00000000e807ddf0,0x00000000e8080000)
  to   space 13824K, 0% used [0x00000000e6600000,0x00000000e6600000,0x00000000e7380000)
 ParOldGen       total 46592K, used 10995K [0x000000008ba00000, 0x000000008e780000, 0x00000000d9380000)
  object space 46592K, 23% used [0x000000008ba00000,0x000000008c4bcd40,0x000000008e780000)
 Metaspace       used 34006K, capacity 35746K, committed 35968K, reserved 1081344K
  class space    used 4337K, capacity 4653K, committed 4736K, reserved 1048576K
}
Event: 6.022 GC heap before
{Heap before GC invocations=8 (full 1):
 PSYoungGen      total 226816K, used 22341K [0x00000000d9380000, 0x00000000e8100000, 0x0000000100000000)
  eden space 215552K, 5% used [0x00000000d9380000,0x00000000d9e537b0,0x00000000e6600000)
  from space 11264K, 99% used [0x00000000e7580000,0x00000000e807ddf0,0x00000000e8080000)
  to   space 13824K, 0% used [0x00000000e6600000,0x00000000e6600000,0x00000000e7380000)
 ParOldGen       total 46592K, used 10995K [0x000000008ba00000, 0x000000008e780000, 0x00000000d9380000)
  object space 46592K, 23% used [0x000000008ba00000,0x000000008c4bcd40,0x000000008e780000)
 Metaspace       used 34306K, capacity 36000K, committed 36048K, reserved 1081344K
  class space    used 4376K, capacity 4690K, committed 4736K, reserved 1048576K
Event: 6.052 GC heap after
Heap after GC invocations=8 (full 1):
 PSYoungGen      total 229376K, used 7902K [0x00000000d9380000, 0x00000000f3180000, 0x0000000100000000)
  eden space 215552K, 0% used [0x00000000d9380000,0x00000000d9380000,0x00000000e6600000)
  from space 13824K, 57% used [0x00000000e6600000,0x00000000e6db7958,0x00000000e7380000)
  to   space 13312K, 0% used [0x00000000f2480000,0x00000000f2480000,0x00000000f3180000)
 ParOldGen       total 46592K, used 11003K [0x000000008ba00000, 0x000000008e780000, 0x00000000d9380000)
  object space 46592K, 23% used [0x000000008ba00000,0x000000008c4bed40,0x000000008e780000)
 Metaspace       used 34306K, capacity 36000K, committed 36048K, reserved 1081344K
  class space    used 4376K, capacity 4690K, committed 4736K, reserved 1048576K
}
Event: 6.052 GC heap before
{Heap before GC invocations=9 (full 2):
 PSYoungGen      total 229376K, used 7902K [0x00000000d9380000, 0x00000000f3180000, 0x0000000100000000)
  eden space 215552K, 0% used [0x00000000d9380000,0x00000000d9380000,0x00000000e6600000)
  from space 13824K, 57% used [0x00000000e6600000,0x00000000e6db7958,0x00000000e7380000)
  to   space 13312K, 0% used [0x00000000f2480000,0x00000000f2480000,0x00000000f3180000)
 ParOldGen       total 46592K, used 11003K [0x000000008ba00000, 0x000000008e780000, 0x00000000d9380000)
  object space 46592K, 23% used [0x000000008ba00000,0x000000008c4bed40,0x000000008e780000)
 Metaspace       used 34306K, capacity 36000K, committed 36048K, reserved 1081344K
  class space    used 4376K, capacity 4690K, committed 4736K, reserved 1048576K

