# JRE version: OpenJDK Runtime Environment (8.0_242-b08) (build 1.8.0_242-8u242-b08-0ubuntu3~18.04-b08)
# Java VM: OpenJDK 64-Bit Server VM (25.242-b08 mixed mode linux-amd64 compressed oops)
Heap:
 PSYoungGen      total 157184K, used 8397K [0x00000000d9380000, 0x00000000e3a00000, 0x0000000100000000)
  eden space 146432K, 0% used [0x00000000d9380000,0x00000000d9380000,0x00000000e2280000)
  from space 10752K, 78% used [0x00000000e2d80000,0x00000000e35b3418,0x00000000e3800000)
  to   space 11264K, 0% used [0x00000000e2280000,0x00000000e2280000,0x00000000e2d80000)
 ParOldGen       total 53760K, used 9035K [0x000000008ba00000, 0x000000008ee80000, 0x00000000d9380000)
  object space 53760K, 16% used [0x000000008ba00000,0x000000008c2d2ed8,0x000000008ee80000)
 Metaspace       used 33650K, capacity 35336K, committed 35416K, reserved 1079296K
  class space    used 4306K, capacity 4620K, committed 4696K, reserved 1048576K
GC Heap History (10 events):
Event: 2.141 GC heap after
Heap after GC invocations=5 (full 1):
 PSYoungGen      total 66048K, used 0K [0x00000000d9380000, 0x00000000dd880000, 0x0000000100000000)
  eden space 61440K, 0% used [0x00000000d9380000,0x00000000d9380000,0x00000000dcf80000)
  from space 4608K, 0% used [0x00000000dd400000,0x00000000dd400000,0x00000000dd880000)
  to   space 4608K, 0% used [0x00000000dcf80000,0x00000000dcf80000,0x00000000dd400000)
 ParOldGen       total 53760K, used 7270K [0x000000008ba00000, 0x000000008ee80000, 0x00000000d9380000)
  object space 53760K, 13% used [0x000000008ba00000,0x000000008c119af8,0x000000008ee80000)
 Metaspace       used 20588K, capacity 21152K, committed 21248K, reserved 1067008K
  class space    used 2586K, capacity 2760K, committed 2816K, reserved 1048576K
}
Event: 2.525 GC heap before
{Heap before GC invocations=6 (full 1):
 PSYoungGen      total 66048K, used 61407K [0x00000000d9380000, 0x00000000dd880000, 0x0000000100000000)
  eden space 61440K, 99% used [0x00000000d9380000,0x00000000dcf77e48,0x00000000dcf80000)
  from space 4608K, 0% used [0x00000000dd400000,0x00000000dd400000,0x00000000dd880000)
  to   space 4608K, 0% used [0x00000000dcf80000,0x00000000dcf80000,0x00000000dd400000)
 ParOldGen       total 53760K, used 7270K [0x000000008ba00000, 0x000000008ee80000, 0x00000000d9380000)
  object space 53760K, 13% used [0x000000008ba00000,0x000000008c119af8,0x000000008ee80000)
 Metaspace       used 23058K, capacity 23766K, committed 23936K, reserved 1071104K
  class space    used 2916K, capacity 3107K, committed 3200K, reserved 1048576K
Event: 2.534 GC heap after
Heap after GC invocations=6 (full 1):
 PSYoungGen      total 66048K, used 3787K [0x00000000d9380000, 0x00000000e0300000, 0x0000000100000000)
  eden space 61440K, 0% used [0x00000000d9380000,0x00000000d9380000,0x00000000dcf80000)
  from space 4608K, 82% used [0x00000000dcf80000,0x00000000dd332c00,0x00000000dd400000)
  to   space 8192K, 0% used [0x00000000dfb00000,0x00000000dfb00000,0x00000000e0300000)
 ParOldGen       total 53760K, used 7278K [0x000000008ba00000, 0x000000008ee80000, 0x00000000d9380000)
  object space 53760K, 13% used [0x000000008ba00000,0x000000008c11baf8,0x000000008ee80000)
 Metaspace       used 23058K, capacity 23766K, committed 23936K, reserved 1071104K
  class space    used 2916K, capacity 3107K, committed 3200K, reserved 1048576K
}
Event: 3.699 GC heap before
{Heap before GC invocations=7 (full 1):
 PSYoungGen      total 66048K, used 65227K [0x00000000d9380000, 0x00000000e0300000, 0x0000000100000000)
  eden space 61440K, 100% used [0x00000000d9380000,0x00000000dcf80000,0x00000000dcf80000)
  from space 4608K, 82% used [0x00000000dcf80000,0x00000000dd332c00,0x00000000dd400000)
  to   space 8192K, 0% used [0x00000000dfb00000,0x00000000dfb00000,0x00000000e0300000)
 ParOldGen       total 53760K, used 7278K [0x000000008ba00000, 0x000000008ee80000, 0x00000000d9380000)
  object space 53760K, 13% used [0x000000008ba00000,0x000000008c11baf8,0x000000008ee80000)
 Metaspace       used 26535K, capacity 27698K, committed 28032K, reserved 1073152K
  class space    used 3372K, capacity 3625K, committed 3712K, reserved 1048576K
Event: 3.719 GC heap after
Heap after GC invocations=7 (full 1):
 PSYoungGen      total 102912K, used 7067K [0x00000000d9380000, 0x00000000e0200000, 0x0000000100000000)
  eden space 95744K, 0% used [0x00000000d9380000,0x00000000d9380000,0x00000000df100000)
  from space 7168K, 98% used [0x00000000dfb00000,0x00000000e01e6d80,0x00000000e0200000)
  to   space 8704K, 0% used [0x00000000df100000,0x00000000df100000,0x00000000df980000)
 ParOldGen       total 53760K, used 7286K [0x000000008ba00000, 0x000000008ee80000, 0x00000000d9380000)
  object space 53760K, 13% used [0x000000008ba00000,0x000000008c11daf8,0x000000008ee80000)
 Metaspace       used 26535K, capacity 27698K, committed 28032K, reserved 1073152K
  class space    used 3372K, capacity 3625K, committed 3712K, reserved 1048576K
}
Event: 5.052 GC heap before
{Heap before GC invocations=8 (full 1):
 PSYoungGen      total 102912K, used 102811K [0x00000000d9380000, 0x00000000e0200000, 0x0000000100000000)
  eden space 95744K, 100% used [0x00000000d9380000,0x00000000df100000,0x00000000df100000)
  from space 7168K, 98% used [0x00000000dfb00000,0x00000000e01e6d80,0x00000000e0200000)
  to   space 8704K, 0% used [0x00000000df100000,0x00000000df100000,0x00000000df980000)
 ParOldGen       total 53760K, used 7286K [0x000000008ba00000, 0x000000008ee80000, 0x00000000d9380000)
  object space 53760K, 13% used [0x000000008ba00000,0x000000008c11daf8,0x000000008ee80000)
 Metaspace       used 32021K, capacity 33712K, committed 33920K, reserved 1079296K
  class space    used 4104K, capacity 4432K, committed 4480K, reserved 1048576K
Event: 5.075 GC heap after
Heap after GC invocations=8 (full 1):
 PSYoungGen      total 104448K, used 8680K [0x00000000d9380000, 0x00000000e3800000, 0x0000000100000000)
  eden space 95744K, 0% used [0x00000000d9380000,0x00000000d9380000,0x00000000df100000)
  from space 8704K, 99% used [0x00000000df100000,0x00000000df97a2d0,0x00000000df980000)
  to   space 10752K, 0% used [0x00000000e2d80000,0x00000000e2d80000,0x00000000e3800000)
 ParOldGen       total 53760K, used 9027K [0x000000008ba00000, 0x000000008ee80000, 0x00000000d9380000)
  object space 53760K, 16% used [0x000000008ba00000,0x000000008c2d0ed8,0x000000008ee80000)
 Metaspace       used 32021K, capacity 33712K, committed 33920K, reserved 1079296K
  class space    used 4104K, capacity 4432K, committed 4480K, reserved 1048576K
}
Event: 5.711 GC heap before
{Heap before GC invocations=9 (full 1):
 PSYoungGen      total 104448K, used 34701K [0x00000000d9380000, 0x00000000e3800000, 0x0000000100000000)
  eden space 95744K, 27% used [0x00000000d9380000,0x00000000dace9208,0x00000000df100000)
  from space 8704K, 99% used [0x00000000df100000,0x00000000df97a2d0,0x00000000df980000)
  to   space 10752K, 0% used [0x00000000e2d80000,0x00000000e2d80000,0x00000000e3800000)
 ParOldGen       total 53760K, used 9027K [0x000000008ba00000, 0x000000008ee80000, 0x00000000d9380000)
  object space 53760K, 16% used [0x000000008ba00000,0x000000008c2d0ed8,0x000000008ee80000)
 Metaspace       used 33650K, capacity 35336K, committed 35416K, reserved 1079296K
  class space    used 4306K, capacity 4620K, committed 4696K, reserved 1048576K
Event: 5.731 GC heap after
Heap after GC invocations=9 (full 1):
 PSYoungGen      total 157184K, used 8397K [0x00000000d9380000, 0x00000000e3a00000, 0x0000000100000000)
  eden space 146432K, 0% used [0x00000000d9380000,0x00000000d9380000,0x00000000e2280000)
  from space 10752K, 78% used [0x00000000e2d80000,0x00000000e35b3418,0x00000000e3800000)
  to   space 11264K, 0% used [0x00000000e2280000,0x00000000e2280000,0x00000000e2d80000)
 ParOldGen       total 53760K, used 9035K [0x000000008ba00000, 0x000000008ee80000, 0x00000000d9380000)
  object space 53760K, 16% used [0x000000008ba00000,0x000000008c2d2ed8,0x000000008ee80000)
 Metaspace       used 33650K, capacity 35336K, committed 35416K, reserved 1079296K
  class space    used 4306K, capacity 4620K, committed 4696K, reserved 1048576K
}
Event: 5.731 GC heap before
{Heap before GC invocations=10 (full 2):
 PSYoungGen      total 157184K, used 8397K [0x00000000d9380000, 0x00000000e3a00000, 0x0000000100000000)
  eden space 146432K, 0% used [0x00000000d9380000,0x00000000d9380000,0x00000000e2280000)
  from space 10752K, 78% used [0x00000000e2d80000,0x00000000e35b3418,0x00000000e3800000)
  to   space 11264K, 0% used [0x00000000e2280000,0x00000000e2280000,0x00000000e2d80000)
 ParOldGen       total 53760K, used 9035K [0x000000008ba00000, 0x000000008ee80000, 0x00000000d9380000)
  object space 53760K, 16% used [0x000000008ba00000,0x000000008c2d2ed8,0x000000008ee80000)
 Metaspace       used 33650K, capacity 35336K, committed 35416K, reserved 1079296K
  class space    used 4306K, capacity 4620K, committed 4696K, reserved 1048576K

