# JRE version: OpenJDK Runtime Environment (8.0_242-b08) (build 1.8.0_242-8u242-b08-0ubuntu3~18.04-b08)
# Java VM: OpenJDK 64-Bit Server VM (25.242-b08 mixed mode linux-amd64 compressed oops)
Heap:
 PSYoungGen      total 99328K, used 41218K [0x00000000d9380000, 0x00000000e1400000, 0x0000000100000000)
  eden space 95232K, 39% used [0x00000000d9380000,0x00000000db7f1bd8,0x00000000df080000)
  from space 4096K, 95% used [0x00000000e1000000,0x00000000e13ced40,0x00000000e1400000)
  to   space 4608K, 0% used [0x00000000e0b00000,0x00000000e0b00000,0x00000000e0f80000)
 ParOldGen       total 58880K, used 9303K [0x000000008ba00000, 0x000000008f380000, 0x00000000d9380000)
  object space 58880K, 15% used [0x000000008ba00000,0x000000008c315f18,0x000000008f380000)
 Metaspace       used 24516K, capacity 25342K, committed 25600K, reserved 1071104K
  class space    used 3086K, capacity 3285K, committed 3328K, reserved 1048576K
GC Heap History (10 events):
Event: 1.162 GC heap before
{Heap before GC invocations=1 (full 0):
 PSYoungGen      total 35328K, used 30720K [0x00000000d9380000, 0x00000000dba80000, 0x0000000100000000)
  eden space 30720K, 100% used [0x00000000d9380000,0x00000000db180000,0x00000000db180000)
  from space 4608K, 0% used [0x00000000db600000,0x00000000db600000,0x00000000dba80000)
  to   space 4608K, 0% used [0x00000000db180000,0x00000000db180000,0x00000000db600000)
 ParOldGen       total 80896K, used 0K [0x000000008ba00000, 0x0000000090900000, 0x00000000d9380000)
  object space 80896K, 0% used [0x000000008ba00000,0x000000008ba00000,0x0000000090900000)
 Metaspace       used 11777K, capacity 12038K, committed 12288K, reserved 1060864K
  class space    used 1363K, capacity 1455K, committed 1536K, reserved 1048576K
Event: 1.174 GC heap after
Heap after GC invocations=1 (full 0):
 PSYoungGen      total 35328K, used 4602K [0x00000000d9380000, 0x00000000dd880000, 0x0000000100000000)
  eden space 30720K, 0% used [0x00000000d9380000,0x00000000d9380000,0x00000000db180000)
  from space 4608K, 99% used [0x00000000db180000,0x00000000db5febf0,0x00000000db600000)
  to   space 4608K, 0% used [0x00000000dd400000,0x00000000dd400000,0x00000000dd880000)
 ParOldGen       total 80896K, used 133K [0x000000008ba00000, 0x0000000090900000, 0x00000000d9380000)
  object space 80896K, 0% used [0x000000008ba00000,0x000000008ba21488,0x0000000090900000)
 Metaspace       used 11777K, capacity 12038K, committed 12288K, reserved 1060864K
  class space    used 1363K, capacity 1455K, committed 1536K, reserved 1048576K
}
Event: 1.483 GC heap before
{Heap before GC invocations=2 (full 0):
 PSYoungGen      total 35328K, used 35322K [0x00000000d9380000, 0x00000000dd880000, 0x0000000100000000)
  eden space 30720K, 100% used [0x00000000d9380000,0x00000000db180000,0x00000000db180000)
  from space 4608K, 99% used [0x00000000db180000,0x00000000db5febf0,0x00000000db600000)
  to   space 4608K, 0% used [0x00000000dd400000,0x00000000dd400000,0x00000000dd880000)
 ParOldGen       total 80896K, used 133K [0x000000008ba00000, 0x0000000090900000, 0x00000000d9380000)
  object space 80896K, 0% used [0x000000008ba00000,0x000000008ba21488,0x0000000090900000)
 Metaspace       used 14693K, capacity 15090K, committed 15360K, reserved 1062912K
  class space    used 1823K, capacity 1955K, committed 2048K, reserved 1048576K
Event: 1.499 GC heap after
Heap after GC invocations=2 (full 0):
 PSYoungGen      total 66048K, used 4580K [0x00000000d9380000, 0x00000000dd880000, 0x0000000100000000)
  eden space 61440K, 0% used [0x00000000d9380000,0x00000000d9380000,0x00000000dcf80000)
  from space 4608K, 99% used [0x00000000dd400000,0x00000000dd8790b0,0x00000000dd880000)
  to   space 4608K, 0% used [0x00000000dcf80000,0x00000000dcf80000,0x00000000dd400000)
 ParOldGen       total 80896K, used 1036K [0x000000008ba00000, 0x0000000090900000, 0x00000000d9380000)
  object space 80896K, 1% used [0x000000008ba00000,0x000000008bb030e0,0x0000000090900000)
 Metaspace       used 14693K, capacity 15090K, committed 15360K, reserved 1062912K
  class space    used 1823K, capacity 1955K, committed 2048K, reserved 1048576K
}
Event: 2.146 GC heap before
{Heap before GC invocations=3 (full 0):
 PSYoungGen      total 66048K, used 62694K [0x00000000d9380000, 0x00000000dd880000, 0x0000000100000000)
  eden space 61440K, 94% used [0x00000000d9380000,0x00000000dcc40928,0x00000000dcf80000)
  from space 4608K, 99% used [0x00000000dd400000,0x00000000dd8790b0,0x00000000dd880000)
  to   space 4608K, 0% used [0x00000000dcf80000,0x00000000dcf80000,0x00000000dd400000)
 ParOldGen       total 80896K, used 1036K [0x000000008ba00000, 0x0000000090900000, 0x00000000d9380000)
  object space 80896K, 1% used [0x000000008ba00000,0x000000008bb030e0,0x0000000090900000)
 Metaspace       used 20587K, capacity 21158K, committed 21248K, reserved 1067008K
  class space    used 2591K, capacity 2761K, committed 2816K, reserved 1048576K
Event: 2.165 GC heap after
Heap after GC invocations=3 (full 0):
 PSYoungGen      total 66048K, used 4592K [0x00000000d9380000, 0x00000000e1480000, 0x0000000100000000)
  eden space 61440K, 0% used [0x00000000d9380000,0x00000000d9380000,0x00000000dcf80000)
  from space 4608K, 99% used [0x00000000dcf80000,0x00000000dd3fc0c0,0x00000000dd400000)
  to   space 4608K, 0% used [0x00000000e1000000,0x00000000e1000000,0x00000000e1480000)
 ParOldGen       total 80896K, used 6033K [0x000000008ba00000, 0x0000000090900000, 0x00000000d9380000)
  object space 80896K, 7% used [0x000000008ba00000,0x000000008bfe4520,0x0000000090900000)
 Metaspace       used 20587K, capacity 21158K, committed 21248K, reserved 1067008K
  class space    used 2591K, capacity 2761K, committed 2816K, reserved 1048576K
}
Event: 2.165 GC heap before
{Heap before GC invocations=4 (full 1):
 PSYoungGen      total 66048K, used 4592K [0x00000000d9380000, 0x00000000e1480000, 0x0000000100000000)
  eden space 61440K, 0% used [0x00000000d9380000,0x00000000d9380000,0x00000000dcf80000)
  from space 4608K, 99% used [0x00000000dcf80000,0x00000000dd3fc0c0,0x00000000dd400000)
  to   space 4608K, 0% used [0x00000000e1000000,0x00000000e1000000,0x00000000e1480000)
 ParOldGen       total 80896K, used 6033K [0x000000008ba00000, 0x0000000090900000, 0x00000000d9380000)
  object space 80896K, 7% used [0x000000008ba00000,0x000000008bfe4520,0x0000000090900000)
 Metaspace       used 20587K, capacity 21158K, committed 21248K, reserved 1067008K
  class space    used 2591K, capacity 2761K, committed 2816K, reserved 1048576K
Event: 2.213 GC heap after
Heap after GC invocations=4 (full 1):
 PSYoungGen      total 66048K, used 0K [0x00000000d9380000, 0x00000000e1480000, 0x0000000100000000)
  eden space 61440K, 0% used [0x00000000d9380000,0x00000000d9380000,0x00000000dcf80000)
  from space 4608K, 0% used [0x00000000dcf80000,0x00000000dcf80000,0x00000000dd400000)
  to   space 4608K, 0% used [0x00000000e1000000,0x00000000e1000000,0x00000000e1480000)
 ParOldGen       total 58880K, used 9295K [0x000000008ba00000, 0x000000008f380000, 0x00000000d9380000)
  object space 58880K, 15% used [0x000000008ba00000,0x000000008c313f18,0x000000008f380000)
 Metaspace       used 20585K, capacity 21152K, committed 21248K, reserved 1067008K
  class space    used 2590K, capacity 2760K, committed 2816K, reserved 1048576K
}
Event: 2.587 GC heap before
{Heap before GC invocations=5 (full 1):
 PSYoungGen      total 66048K, used 61440K [0x00000000d9380000, 0x00000000e1480000, 0x0000000100000000)
  eden space 61440K, 100% used [0x00000000d9380000,0x00000000dcf80000,0x00000000dcf80000)
  from space 4608K, 0% used [0x00000000dcf80000,0x00000000dcf80000,0x00000000dd400000)
  to   space 4608K, 0% used [0x00000000e1000000,0x00000000e1000000,0x00000000e1480000)
 ParOldGen       total 58880K, used 9295K [0x000000008ba00000, 0x000000008f380000, 0x00000000d9380000)
  object space 58880K, 15% used [0x000000008ba00000,0x000000008c313f18,0x000000008f380000)
 Metaspace       used 23008K, capacity 23702K, committed 23936K, reserved 1071104K
  class space    used 2915K, capacity 3107K, committed 3200K, reserved 1048576K
Event: 2.595 GC heap after
Heap after GC invocations=5 (full 1):
 PSYoungGen      total 99328K, used 3899K [0x00000000d9380000, 0x00000000e1400000, 0x0000000100000000)
  eden space 95232K, 0% used [0x00000000d9380000,0x00000000d9380000,0x00000000df080000)
  from space 4096K, 95% used [0x00000000e1000000,0x00000000e13ced40,0x00000000e1400000)
  to   space 4608K, 0% used [0x00000000e0b00000,0x00000000e0b00000,0x00000000e0f80000)
 ParOldGen       total 58880K, used 9303K [0x000000008ba00000, 0x000000008f380000, 0x00000000d9380000)
  object space 58880K, 15% used [0x000000008ba00000,0x000000008c315f18,0x000000008f380000)
 Metaspace       used 23008K, capacity 23702K, committed 23936K, reserved 1071104K
  class space    used 2915K, capacity 3107K, committed 3200K, reserved 1048576K
}

