# JRE version: OpenJDK Runtime Environment (8.0_252-b09) (build 1.8.0_252-8u252-b09-1~18.04-b09)
# Java VM: OpenJDK 64-Bit Server VM (25.252-b09 mixed mode linux-amd64 compressed oops)
Heap:
 garbage-first heap   total 433152K, used 331456K [0x00000000c0000000, 0x00000000c0100d38, 0x0000000100000000)
  region size 1024K, 242 young (247808K), 21 survivors (21504K)
 Metaspace       used 72142K, capacity 75922K, committed 76240K, reserved 1118208K
  class space    used 6680K, capacity 7772K, committed 7888K, reserved 1048576K
GC Heap History (10 events):
Event: 46043.491 GC heap before
{Heap before GC invocations=505 (full 0):
 garbage-first heap   total 433152K, used 340935K [0x00000000c0000000, 0x00000000c0100d38, 0x0000000100000000)
  region size 1024K, 253 young (259072K), 9 survivors (9216K)
 Metaspace       used 72079K, capacity 75914K, committed 76240K, reserved 1118208K
  class space    used 6679K, capacity 7770K, committed 7888K, reserved 1048576K
Event: 46043.515 GC heap after
Heap after GC invocations=506 (full 0):
 garbage-first heap   total 433152K, used 91162K [0x00000000c0000000, 0x00000000c0100d38, 0x0000000100000000)
  region size 1024K, 9 young (9216K), 9 survivors (9216K)
 Metaspace       used 72079K, capacity 75914K, committed 76240K, reserved 1118208K
  class space    used 6679K, capacity 7770K, committed 7888K, reserved 1048576K
}
Event: 46046.909 GC heap before
{Heap before GC invocations=506 (full 0):
 garbage-first heap   total 433152K, used 341018K [0x00000000c0000000, 0x00000000c0100d38, 0x0000000100000000)
  region size 1024K, 253 young (259072K), 9 survivors (9216K)
 Metaspace       used 72091K, capacity 75914K, committed 76240K, reserved 1118208K
  class space    used 6679K, capacity 7770K, committed 7888K, reserved 1048576K
Event: 46046.931 GC heap after
Heap after GC invocations=507 (full 0):
 garbage-first heap   total 433152K, used 88090K [0x00000000c0000000, 0x00000000c0100d38, 0x0000000100000000)
  region size 1024K, 6 young (6144K), 6 survivors (6144K)
 Metaspace       used 72091K, capacity 75914K, committed 76240K, reserved 1118208K
  class space    used 6679K, capacity 7770K, committed 7888K, reserved 1048576K
}
Event: 46059.846 GC heap before
{Heap before GC invocations=507 (full 0):
 garbage-first heap   total 433152K, used 341018K [0x00000000c0000000, 0x00000000c0100d38, 0x0000000100000000)
  region size 1024K, 253 young (259072K), 6 survivors (6144K)
 Metaspace       used 72091K, capacity 75914K, committed 76240K, reserved 1118208K
  class space    used 6679K, capacity 7770K, committed 7888K, reserved 1048576K
Event: 46059.860 GC heap after
Heap after GC invocations=508 (full 0):
 garbage-first heap   total 433152K, used 87578K [0x00000000c0000000, 0x00000000c0100d38, 0x0000000100000000)
  region size 1024K, 6 young (6144K), 6 survivors (6144K)
 Metaspace       used 72091K, capacity 75914K, committed 76240K, reserved 1118208K
  class space    used 6679K, capacity 7770K, committed 7888K, reserved 1048576K
}
Event: 46074.992 GC heap before
{Heap before GC invocations=508 (full 0):
 garbage-first heap   total 433152K, used 340506K [0x00000000c0000000, 0x00000000c0100d38, 0x0000000100000000)
  region size 1024K, 253 young (259072K), 6 survivors (6144K)
 Metaspace       used 72097K, capacity 75914K, committed 76240K, reserved 1118208K
  class space    used 6679K, capacity 7770K, committed 7888K, reserved 1048576K
Event: 46075.014 GC heap after
Heap after GC invocations=509 (full 0):
 garbage-first heap   total 433152K, used 87578K [0x00000000c0000000, 0x00000000c0100d38, 0x0000000100000000)
  region size 1024K, 6 young (6144K), 6 survivors (6144K)
 Metaspace       used 72097K, capacity 75914K, committed 76240K, reserved 1118208K
  class space    used 6679K, capacity 7770K, committed 7888K, reserved 1048576K
}
Event: 46097.084 GC heap before
{Heap before GC invocations=509 (full 0):
 garbage-first heap   total 433152K, used 340506K [0x00000000c0000000, 0x00000000c0100d38, 0x0000000100000000)
  region size 1024K, 253 young (259072K), 6 survivors (6144K)
 Metaspace       used 72124K, capacity 75914K, committed 76240K, reserved 1118208K
  class space    used 6679K, capacity 7770K, committed 7888K, reserved 1048576K
Event: 46097.118 GC heap after
Heap after GC invocations=510 (full 0):
 garbage-first heap   total 433152K, used 102938K [0x00000000c0000000, 0x00000000c0100d38, 0x0000000100000000)
  region size 1024K, 21 young (21504K), 21 survivors (21504K)
 Metaspace       used 72124K, capacity 75914K, committed 76240K, reserved 1118208K
  class space    used 6679K, capacity 7770K, committed 7888K, reserved 1048576K
}

