# JRE version: OpenJDK Runtime Environment (8.0_242-b08) (build 1.8.0_242-8u242-b08-0ubuntu3~18.04-b08)
# Java VM: OpenJDK 64-Bit Server VM (25.242-b08 mixed mode linux-amd64 compressed oops)
Heap:
 garbage-first heap   total 120832K, used 53161K [0x00000000c0000000, 0x00000000c01003b0, 0x0000000100000000)
  region size 1024K, 7 young (7168K), 6 survivors (6144K)
 Metaspace       used 45477K, capacity 48196K, committed 48304K, reserved 1091584K
  class space    used 4651K, capacity 5489K, committed 5552K, reserved 1048576K
GC Heap History (10 events):
Event: 24.858 GC heap before
{Heap before GC invocations=8 (full 0):
 garbage-first heap   total 120832K, used 94208K [0x00000000c0000000, 0x00000000c01003b0, 0x0000000100000000)
  region size 1024K, 70 young (71680K), 9 survivors (9216K)
 Metaspace       used 38956K, capacity 41402K, committed 41520K, reserved 1085440K
  class space    used 4057K, capacity 4855K, committed 4912K, reserved 1048576K
Event: 24.918 GC heap after
Heap after GC invocations=9 (full 0):
 garbage-first heap   total 120832K, used 43520K [0x00000000c0000000, 0x00000000c01003b0, 0x0000000100000000)
  region size 1024K, 9 young (9216K), 9 survivors (9216K)
 Metaspace       used 38956K, capacity 41402K, committed 41520K, reserved 1085440K
  class space    used 4057K, capacity 4855K, committed 4912K, reserved 1048576K
}
Event: 33.058 GC heap before
{Heap before GC invocations=10 (full 0):
 garbage-first heap   total 120832K, used 92160K [0x00000000c0000000, 0x00000000c01003b0, 0x0000000100000000)
  region size 1024K, 63 young (64512K), 9 survivors (9216K)
 Metaspace       used 43412K, capacity 45972K, committed 46128K, reserved 1089536K
  class space    used 4491K, capacity 5317K, committed 5424K, reserved 1048576K
Event: 33.096 GC heap after
Heap after GC invocations=11 (full 0):
 garbage-first heap   total 120832K, used 41472K [0x00000000c0000000, 0x00000000c01003b0, 0x0000000100000000)
  region size 1024K, 7 young (7168K), 7 survivors (7168K)
 Metaspace       used 43412K, capacity 45972K, committed 46128K, reserved 1089536K
  class space    used 4491K, capacity 5317K, committed 5424K, reserved 1048576K
}
Event: 33.153 GC heap before
{Heap before GC invocations=11 (full 0):
 garbage-first heap   total 120832K, used 42496K [0x00000000c0000000, 0x00000000c01003b0, 0x0000000100000000)
  region size 1024K, 8 young (8192K), 7 survivors (7168K)
 Metaspace       used 43692K, capacity 46300K, committed 46640K, reserved 1091584K
  class space    used 4518K, capacity 5319K, committed 5424K, reserved 1048576K
Event: 33.172 GC heap after
Heap after GC invocations=12 (full 0):
 garbage-first heap   total 120832K, used 34304K [0x00000000c0000000, 0x00000000c01003b0, 0x0000000100000000)
  region size 1024K, 1 young (1024K), 1 survivors (1024K)
 Metaspace       used 43692K, capacity 46300K, committed 46640K, reserved 1091584K
  class space    used 4518K, capacity 5319K, committed 5424K, reserved 1048576K
}
Event: 37.293 GC heap before
{Heap before GC invocations=12 (full 0):
 garbage-first heap   total 120832K, used 101888K [0x00000000c0000000, 0x00000000c01003b0, 0x0000000100000000)
  region size 1024K, 67 young (68608K), 1 survivors (1024K)
 Metaspace       used 44668K, capacity 47232K, committed 47408K, reserved 1091584K
  class space    used 4591K, capacity 5389K, committed 5424K, reserved 1048576K
Event: 37.347 GC heap after
Heap after GC invocations=13 (full 0):
 garbage-first heap   total 120832K, used 47616K [0x00000000c0000000, 0x00000000c01003b0, 0x0000000100000000)
  region size 1024K, 9 young (9216K), 9 survivors (9216K)
 Metaspace       used 44668K, capacity 47232K, committed 47408K, reserved 1091584K
  class space    used 4591K, capacity 5389K, committed 5424K, reserved 1048576K
}
Event: 41.875 GC heap before
{Heap before GC invocations=13 (full 0):
 garbage-first heap   total 120832K, used 98816K [0x00000000c0000000, 0x00000000c01003b0, 0x0000000100000000)
  region size 1024K, 59 young (60416K), 9 survivors (9216K)
 Metaspace       used 45477K, capacity 48196K, committed 48304K, reserved 1091584K
  class space    used 4651K, capacity 5489K, committed 5552K, reserved 1048576K
Event: 41.910 GC heap after
Heap after GC invocations=14 (full 0):
 garbage-first heap   total 120832K, used 53161K [0x00000000c0000000, 0x00000000c01003b0, 0x0000000100000000)
  region size 1024K, 6 young (6144K), 6 survivors (6144K)
 Metaspace       used 45477K, capacity 48196K, committed 48304K, reserved 1091584K
  class space    used 4651K, capacity 5489K, committed 5552K, reserved 1048576K
}

